<?xml version="1.0" encoding="UTF-8"?>
<testng-results ignored="0" total="4" passed="3" failed="1" skipped="0">
  <reporter-output>
  </reporter-output>
  <suite started-at="2023-11-24T15:22:21 NZDT" name="Default suite" finished-at="2023-11-24T15:22:36 NZDT" duration-ms="15568">
    <groups>
    </groups>
    <test started-at="2023-11-24T15:22:21 NZDT" name="Default test" finished-at="2023-11-24T15:22:36 NZDT" duration-ms="15568">
      <class name="week4Day1.chaining.UpdateIncident">
        <test-method is-config="true" signature="setUp()[pri:0, instance:week4Day1.chaining.UpdateIncident@5f9b2141]" started-at="2023-11-24T15:22:26 NZDT" name="setUp" finished-at="2023-11-24T15:22:26 NZDT" duration-ms="2" status="PASS">
          <reporter-output>
          </reporter-output>
        </test-method> <!-- setUp -->
        <test-method signature="updateIncident()[pri:0, instance:week4Day1.chaining.UpdateIncident@5f9b2141]" started-at="2023-11-24T15:22:26 NZDT" name="updateIncident" finished-at="2023-11-24T15:22:28 NZDT" depends-on-methods="week4Day1.chaining.CreateIncident.createIncident" duration-ms="1764" status="PASS">
          <reporter-output>
          </reporter-output>
        </test-method> <!-- updateIncident -->
        <test-method is-config="true" signature="tearDown()[pri:0, instance:week4Day1.chaining.UpdateIncident@5f9b2141]" started-at="2023-11-24T15:22:28 NZDT" name="tearDown" finished-at="2023-11-24T15:22:28 NZDT" duration-ms="6" status="PASS">
          <reporter-output>
          </reporter-output>
        </test-method> <!-- tearDown -->
      </class> <!-- week4Day1.chaining.UpdateIncident -->
      <class name="week4Day1.chaining.Deleteincident">
        <test-method is-config="true" signature="setUp()[pri:0, instance:week4Day1.chaining.Deleteincident@3bf9ce3e]" started-at="2023-11-24T15:22:28 NZDT" name="setUp" finished-at="2023-11-24T15:22:28 NZDT" duration-ms="5" status="PASS">
          <reporter-output>
          </reporter-output>
        </test-method> <!-- setUp -->
        <test-method signature="deleteIncident()[pri:0, instance:week4Day1.chaining.Deleteincident@3bf9ce3e]" started-at="2023-11-24T15:22:28 NZDT" name="deleteIncident" finished-at="2023-11-24T15:22:31 NZDT" depends-on-methods="week4Day1.chaining.UpdateIncident.updateIncident" duration-ms="3014" status="PASS">
          <reporter-output>
          </reporter-output>
        </test-method> <!-- deleteIncident -->
        <test-method is-config="true" signature="tearDown()[pri:0, instance:week4Day1.chaining.Deleteincident@3bf9ce3e]" started-at="2023-11-24T15:22:31 NZDT" name="tearDown" finished-at="2023-11-24T15:22:31 NZDT" duration-ms="3" status="PASS">
          <reporter-output>
          </reporter-output>
        </test-method> <!-- tearDown -->
      </class> <!-- week4Day1.chaining.Deleteincident -->
      <class name="week4Day1.chaining.SearchIncident">
        <test-method is-config="true" signature="setUp()[pri:0, instance:week4Day1.chaining.SearchIncident@16610890]" started-at="2023-11-24T15:22:31 NZDT" name="setUp" finished-at="2023-11-24T15:22:31 NZDT" duration-ms="1" status="PASS">
          <reporter-output>
          </reporter-output>
        </test-method> <!-- setUp -->
        <test-method signature="searchIncident()[pri:0, instance:week4Day1.chaining.SearchIncident@16610890]" started-at="2023-11-24T15:22:31 NZDT" name="searchIncident" finished-at="2023-11-24T15:22:36 NZDT" depends-on-methods="week4Day1.chaining.Deleteincident.deleteIncident" duration-ms="4715" status="FAIL">
          <exception class="java.lang.AssertionError">
            <message>
              <![CDATA[1 expectation failed.
JSON path result.sys_id doesn't match.
Expected: a collection containing "20c058c847ba351089fa2646926d431b"
  Actual: <[1c741bd70b2322007518478d83673af3, 1c832706732023002728660c4cf6a7b9, 46b66a40a9fe198101f243dfbc79033d, 46b9490da9fe1981003c938dab89bda3, 46c03489a9fe19810148cd5b8cbf501e, 46c88ac1a9fe1981014de1c831fbcf6d, 46cebb88a9fe198101aee93734f9768b, 46e18c0fa9fe19810066a0083f76bd56, 46ee0924a9fe198100f1cf78c198454a, 46ee8c2fa9fe198100623592c70d643e, 46f1784ba9fe19810018aa27fbb23482, 46f3ee0ea9fe198100c5c0e53d5abe0b, 46f6ede0a9fe198100e10154c34a0c2a, 47079b68a9fe198100a614a4c225c88d, 470af5afa9fe198101b324dd773ef379, 470d51a0a9fe1981006c20c825e48933, 47138238a9fe1981016e3762d1fd26d4, 4714a2aca9fe198100ecabacf6273482, 4717dfe5a9fe198100450448b2404c16, 8d6246c7c0a80164012fb063cecd4ace, 8d641046c0a80164000bc7c0d3ed46a0, 9c573169c611228700193229fff72400, 9d3c1197c611228701cd1d94bc32d76d, 9e7f9864532023004247ddeeff7b121f, 9fffc328731823002728660c4cf6a742, e329de99731423002728660c4cf6a73c, e8e875b0c0a80164009dc852b4d677d5, 01225607472e311089fa2646926d43fb, 01805683472e311089fa2646926d436b, 02805683472e311089fa2646926d43fe, 053aaa0347ae311089fa2646926d439d, 064babb3472a351089fa2646926d43bf, 078785b247ae711089fa2646926d43ef, 08bcf476476e711089fa2646926d4332, 08cb1b3347e6351089fa2646926d4377, 09121607472e311089fa2646926d4341, 0a2aa20347ae311089fa2646926d431e, 0a5966cf476e311089fa2646926d43e8, 0a692e4f476e311089fa2646926d43c0, 0c5f3cece1b12010f877971dea0b1449, 0ec0bf3b472a351089fa2646926d430d, 0f02d207472e311089fa2646926d4357, 1069aacf476e311089fa2646926d43e3, 1219a6cf476e311089fa2646926d4372, 134984c047ba351089fa2646926d4367, 16bb13ff47a6351089fa2646926d43fb, 17948c76476a711089fa2646926d4304, 1a121607472e311089fa2646926d43e8, 1c36737f472a351089fa2646926d4352, 1d69eacf476e311089fa2646926d43c3, 1f2b6f73472a351089fa2646926d4301, 212cabf3472a351089fa2646926d4358, 225cabf3472a351089fa2646926d4328, 2372047f47e6f11089fa2646926d434c, 255c6bf3472a351089fa2646926d43ac, 262aaa0347ae311089fa2646926d430e, 2860b33b472a351089fa2646926d438d, 2c025207472e311089fa2646926d4330, 2f3a2e0347ae311089fa2646926d4356, 331cabb3472a351089fa2646926d43c8, 34f9057647ae711089fa2646926d43de, 351063b747e6351089fa2646926d43e7, 3b705683472e311089fa2646926d433b, 3d048476476a711089fa2646926d43da, 3f2aaa0347ae311089fa2646926d4351, 3f80b33b472a351089fa2646926d4330, 40dadf3f47a6351089fa2646926d43b4, 433aea0347ae311089fa2646926d43bd, 43436b3b47e6351089fa2646926d4377, 438a2f73472a351089fa2646926d4319, 46e2fee9a9fe19810049b49dee0daf58, 46e3e949a9fe19810069b824ba2c761a, 46e482d9a9fe198101d3e3f3e2a14459, 46e57642a9fe1981000b96a5dca501ff, 46e8219ba9fe1981013806b6e04fed06, 46edaa6aa9fe198101b9d14ced16619f, 46f09e75a9fe198100f4ffd8d366d17b, 46f4f4dfa9fe198100063e60278f76ec, 46f67787a9fe198101e06dfcf3a78e99, 47064b68a9fe19810186793eefffc9b7, 4715ab62a9fe1981018c3efb96143495, 471bfbc7a9fe198101e77a3e10e5d47f, 471d4732a9fe198100affbf655e59172, 471eb058a9fe198100f89592e1ea93d3, 47204688a9fe1981011a20af100f381a, 4b59a6cf476e311089fa2646926d4377, 4cbfaf77472a351089fa2646926d433b, 4d9ba64347ae311089fa2646926d4315, 4e0256c3472e311089fa2646926d4301, 52f0bf3b472a351089fa2646926d4316, 54025207472e311089fa2646926d432c, 552c48888c033300964f4932b03eb092, 55ef6bf7472a351089fa2646926d4313, 568a2333472a351089fa2646926d432c, 56e9817647ae711089fa2646926d43af, 57af7aec73d423002728660c4cf6a71c, 5a3363f747e6351089fa2646926d43b9, 5b7689db472a711089fa2646926d430b, 5c12d207472e311089fa2646926d43af, 5e692ecf476e311089fa2646926d43bc, 60121607472e311089fa2646926d433d, 62229607472e311089fa2646926d432a, 654b4c4447ba351089fa2646926d43a6, 672aaa0347ae311089fa2646926d434d, 673f63f7472a351089fa2646926d4349, 683481be476e711089fa2646926d43f0, 690481be476e711089fa2646926d43eb, 6c3aaa0347ae311089fa2646926d4398, 6c4a2e0347ae311089fa2646926d4395, 6ea6468747ea311089fa2646926d433f, 70bf5ff347e6351089fa2646926d4300, 7359eacf476e311089fa2646926d4375, 7469eacf476e311089fa2646926d43bf, 7602d207472e311089fa2646926d4353, 78271e1347c12200e0ef563dbb9a7109, 7a5fc40847ba351089fa2646926d43cb, 7b46891f472a711089fa2646926d43bc, 7ff3ccf2476a711089fa2646926d4389, 83809683472e311089fa2646926d4378, 8412d207472e311089fa2646926d43ab, 85071a1347c12200e0ef563dbb9a71c1, 8579cdf247ae711089fa2646926d432e, 863aea0347ae311089fa2646926d4333, 89367bbf472a351089fa2646926d43bf, 8ae9057647ae711089fa2646926d4382, 8b20b33b472a351089fa2646926d4388, 8b4babb3472a351089fa2646926d43f0, 8d6353eac0a8016400d8a125ca14fc1f, 8ff0b37b472a351089fa2646926d4385, 90bb2bb3472a351089fa2646926d43e9, 93229607472e311089fa2646926d4371, 932aaa0347ae311089fa2646926d4317, 935c6bf3472a351089fa2646926d43b1, 947cabf3472a351089fa2646926d435e, 954fefb7472a351089fa2646926d431b, 957ba64347ae311089fa2646926d4311, 95c0f73b472a351089fa2646926d43cd, 965c9e5347c12200e0ef563dbb9a7156, 97afefb7472a351089fa2646926d4321, 983b6f73472a351089fa2646926d4306, 984a2e0347ae311089fa2646926d435f, 988babb3472a351089fa2646926d43f6, 9a229607472e311089fa2646926d4325, 9b029683472e311089fa2646926d43de, 9d385017c611228701d22104cc95c371, a2496c05731110107418660c4cf6a711, a5244476476a711089fa2646926d430d, a623cdb073a023002728660c4cf6a768, a83820b58f723300e7e16c7827bdeed2, a9a16740c61122760004fe9095b7ddca, a9e30c7dc61122760116894de7bcc7bd, a9e428cac61122760075710592216c58, aa701683472e311089fa2646926d43d7, ab59eacf476e311089fa2646926d4370, abf92ecf476e311089fa2646926d433a, ac69eacf476e311089fa2646926d43ba, ae02d207472e311089fa2646926d434e, b02c2bb3472a351089fa2646926d43ef, b1121607472e311089fa2646926d4374, b12aa20347ae311089fa2646926d431a, b3816bb747e6351089fa2646926d43bd, b4221607472e311089fa2646926d43f1, b439048047ba351089fa2646926d4326, b50216c3472e311089fa2646926d43fd, b702d207472e311089fa2646926d43cb, b89785b247ae711089fa2646926d43f3, ba3aea0347ae311089fa2646926d43b8, bbe4c036476a711089fa2646926d433e, bc025207472e311089fa2646926d4395, bd229607472e311089fa2646926d4303, be14c5be476e711089fa2646926d4360, c1025207472e311089fa2646926d4335, c2229607472e311089fa2646926d4321, c2ef2ff7472a351089fa2646926d4352, c4c5c5be476e711089fa2646926d436c, cb229607472e311089fa2646926d436c, cb80b73b472a351089fa2646926d43ee, d03aaa0347ae311089fa2646926d4356, d1644c0c477a351089fa2646926d43b6, d23aea0347ae311089fa2646926d43b4, d5225607472e311089fa2646926d43ff, d59b668347ae311089fa2646926d431d, d6afa3b7472a351089fa2646926d4369, d7158da0c0a8016700eef46c8d1f3661, d7195138c0a8016700fd68449cfcd484, d71b3b41c0a8016700a8ef040791e72a, d71da88ac0a801670061eabfe4b28f77, d71f7935c0a8016700802b64c67c11c6, d93aaa0347ae311089fa2646926d43a1, d960b73b472a351089fa2646926d43e8, db1f6f37472a351089fa2646926d43e7, dbf448b6476a711089fa2646926d439b, dc221607472e311089fa2646926d43ec, dd121607472e311089fa2646926d4345, de203bf7472a351089fa2646926d4384, de5966cf476e311089fa2646926d43ec, dfafdc7f476af11089fa2646926d43a2, dfbb977347e6351089fa2646926d43a4, e0203ff7472a351089fa2646926d4358, e18a2f73472a351089fa2646926d4314, e19ac84447ba351089fa2646926d4341, e44fa3b7472a351089fa2646926d4363, e4ef2ff7472a351089fa2646926d43b5, e5203ff7472a351089fa2646926d43bb, e6b8a19347ea711089fa2646926d433e, e750b33b472a351089fa2646926d4328, e7df63f7472a351089fa2646926d4352, e8caedcbc0a80164017df472f39eaed1, e9121607472e311089fa2646926d436f, e9692ecf476e311089fa2646926d432b, ed029207472e311089fa2646926d43ec, ed92e8d173d023002728660c4cf6a7bc, edb9eacf476e311089fa2646926d4378, ef4225a40a0a0b5700d0b8a790747812, ef43c6d40a0a0b5700c77f9bf387afe3, f12ca184735123002728660c4cf6a7ef, f33a2e0347ae311089fa2646926d435b, f4f9057647ae711089fa2646926d43eb, f659aacf476e311089fa2646926d43f2, f947444047ba351089fa2646926d43a6, fa2aaa0347ae311089fa2646926d4312, fb77000047ba351089fa2646926d43c8, fcbf2bf7472a351089fa2646926d437c, fd3aea0347ae311089fa2646926d432e, ff4c21c4735123002728660c4cf6a758]>
]]>
            </message>
            <full-stacktrace>
              <![CDATA[java.lang.AssertionError: 1 expectation failed.
JSON path result.sys_id doesn't match.
Expected: a collection containing "20c058c847ba351089fa2646926d431b"
  Actual: <[1c741bd70b2322007518478d83673af3, 1c832706732023002728660c4cf6a7b9, 46b66a40a9fe198101f243dfbc79033d, 46b9490da9fe1981003c938dab89bda3, 46c03489a9fe19810148cd5b8cbf501e, 46c88ac1a9fe1981014de1c831fbcf6d, 46cebb88a9fe198101aee93734f9768b, 46e18c0fa9fe19810066a0083f76bd56, 46ee0924a9fe198100f1cf78c198454a, 46ee8c2fa9fe198100623592c70d643e, 46f1784ba9fe19810018aa27fbb23482, 46f3ee0ea9fe198100c5c0e53d5abe0b, 46f6ede0a9fe198100e10154c34a0c2a, 47079b68a9fe198100a614a4c225c88d, 470af5afa9fe198101b324dd773ef379, 470d51a0a9fe1981006c20c825e48933, 47138238a9fe1981016e3762d1fd26d4, 4714a2aca9fe198100ecabacf6273482, 4717dfe5a9fe198100450448b2404c16, 8d6246c7c0a80164012fb063cecd4ace, 8d641046c0a80164000bc7c0d3ed46a0, 9c573169c611228700193229fff72400, 9d3c1197c611228701cd1d94bc32d76d, 9e7f9864532023004247ddeeff7b121f, 9fffc328731823002728660c4cf6a742, e329de99731423002728660c4cf6a73c, e8e875b0c0a80164009dc852b4d677d5, 01225607472e311089fa2646926d43fb, 01805683472e311089fa2646926d436b, 02805683472e311089fa2646926d43fe, 053aaa0347ae311089fa2646926d439d, 064babb3472a351089fa2646926d43bf, 078785b247ae711089fa2646926d43ef, 08bcf476476e711089fa2646926d4332, 08cb1b3347e6351089fa2646926d4377, 09121607472e311089fa2646926d4341, 0a2aa20347ae311089fa2646926d431e, 0a5966cf476e311089fa2646926d43e8, 0a692e4f476e311089fa2646926d43c0, 0c5f3cece1b12010f877971dea0b1449, 0ec0bf3b472a351089fa2646926d430d, 0f02d207472e311089fa2646926d4357, 1069aacf476e311089fa2646926d43e3, 1219a6cf476e311089fa2646926d4372, 134984c047ba351089fa2646926d4367, 16bb13ff47a6351089fa2646926d43fb, 17948c76476a711089fa2646926d4304, 1a121607472e311089fa2646926d43e8, 1c36737f472a351089fa2646926d4352, 1d69eacf476e311089fa2646926d43c3, 1f2b6f73472a351089fa2646926d4301, 212cabf3472a351089fa2646926d4358, 225cabf3472a351089fa2646926d4328, 2372047f47e6f11089fa2646926d434c, 255c6bf3472a351089fa2646926d43ac, 262aaa0347ae311089fa2646926d430e, 2860b33b472a351089fa2646926d438d, 2c025207472e311089fa2646926d4330, 2f3a2e0347ae311089fa2646926d4356, 331cabb3472a351089fa2646926d43c8, 34f9057647ae711089fa2646926d43de, 351063b747e6351089fa2646926d43e7, 3b705683472e311089fa2646926d433b, 3d048476476a711089fa2646926d43da, 3f2aaa0347ae311089fa2646926d4351, 3f80b33b472a351089fa2646926d4330, 40dadf3f47a6351089fa2646926d43b4, 433aea0347ae311089fa2646926d43bd, 43436b3b47e6351089fa2646926d4377, 438a2f73472a351089fa2646926d4319, 46e2fee9a9fe19810049b49dee0daf58, 46e3e949a9fe19810069b824ba2c761a, 46e482d9a9fe198101d3e3f3e2a14459, 46e57642a9fe1981000b96a5dca501ff, 46e8219ba9fe1981013806b6e04fed06, 46edaa6aa9fe198101b9d14ced16619f, 46f09e75a9fe198100f4ffd8d366d17b, 46f4f4dfa9fe198100063e60278f76ec, 46f67787a9fe198101e06dfcf3a78e99, 47064b68a9fe19810186793eefffc9b7, 4715ab62a9fe1981018c3efb96143495, 471bfbc7a9fe198101e77a3e10e5d47f, 471d4732a9fe198100affbf655e59172, 471eb058a9fe198100f89592e1ea93d3, 47204688a9fe1981011a20af100f381a, 4b59a6cf476e311089fa2646926d4377, 4cbfaf77472a351089fa2646926d433b, 4d9ba64347ae311089fa2646926d4315, 4e0256c3472e311089fa2646926d4301, 52f0bf3b472a351089fa2646926d4316, 54025207472e311089fa2646926d432c, 552c48888c033300964f4932b03eb092, 55ef6bf7472a351089fa2646926d4313, 568a2333472a351089fa2646926d432c, 56e9817647ae711089fa2646926d43af, 57af7aec73d423002728660c4cf6a71c, 5a3363f747e6351089fa2646926d43b9, 5b7689db472a711089fa2646926d430b, 5c12d207472e311089fa2646926d43af, 5e692ecf476e311089fa2646926d43bc, 60121607472e311089fa2646926d433d, 62229607472e311089fa2646926d432a, 654b4c4447ba351089fa2646926d43a6, 672aaa0347ae311089fa2646926d434d, 673f63f7472a351089fa2646926d4349, 683481be476e711089fa2646926d43f0, 690481be476e711089fa2646926d43eb, 6c3aaa0347ae311089fa2646926d4398, 6c4a2e0347ae311089fa2646926d4395, 6ea6468747ea311089fa2646926d433f, 70bf5ff347e6351089fa2646926d4300, 7359eacf476e311089fa2646926d4375, 7469eacf476e311089fa2646926d43bf, 7602d207472e311089fa2646926d4353, 78271e1347c12200e0ef563dbb9a7109, 7a5fc40847ba351089fa2646926d43cb, 7b46891f472a711089fa2646926d43bc, 7ff3ccf2476a711089fa2646926d4389, 83809683472e311089fa2646926d4378, 8412d207472e311089fa2646926d43ab, 85071a1347c12200e0ef563dbb9a71c1, 8579cdf247ae711089fa2646926d432e, 863aea0347ae311089fa2646926d4333, 89367bbf472a351089fa2646926d43bf, 8ae9057647ae711089fa2646926d4382, 8b20b33b472a351089fa2646926d4388, 8b4babb3472a351089fa2646926d43f0, 8d6353eac0a8016400d8a125ca14fc1f, 8ff0b37b472a351089fa2646926d4385, 90bb2bb3472a351089fa2646926d43e9, 93229607472e311089fa2646926d4371, 932aaa0347ae311089fa2646926d4317, 935c6bf3472a351089fa2646926d43b1, 947cabf3472a351089fa2646926d435e, 954fefb7472a351089fa2646926d431b, 957ba64347ae311089fa2646926d4311, 95c0f73b472a351089fa2646926d43cd, 965c9e5347c12200e0ef563dbb9a7156, 97afefb7472a351089fa2646926d4321, 983b6f73472a351089fa2646926d4306, 984a2e0347ae311089fa2646926d435f, 988babb3472a351089fa2646926d43f6, 9a229607472e311089fa2646926d4325, 9b029683472e311089fa2646926d43de, 9d385017c611228701d22104cc95c371, a2496c05731110107418660c4cf6a711, a5244476476a711089fa2646926d430d, a623cdb073a023002728660c4cf6a768, a83820b58f723300e7e16c7827bdeed2, a9a16740c61122760004fe9095b7ddca, a9e30c7dc61122760116894de7bcc7bd, a9e428cac61122760075710592216c58, aa701683472e311089fa2646926d43d7, ab59eacf476e311089fa2646926d4370, abf92ecf476e311089fa2646926d433a, ac69eacf476e311089fa2646926d43ba, ae02d207472e311089fa2646926d434e, b02c2bb3472a351089fa2646926d43ef, b1121607472e311089fa2646926d4374, b12aa20347ae311089fa2646926d431a, b3816bb747e6351089fa2646926d43bd, b4221607472e311089fa2646926d43f1, b439048047ba351089fa2646926d4326, b50216c3472e311089fa2646926d43fd, b702d207472e311089fa2646926d43cb, b89785b247ae711089fa2646926d43f3, ba3aea0347ae311089fa2646926d43b8, bbe4c036476a711089fa2646926d433e, bc025207472e311089fa2646926d4395, bd229607472e311089fa2646926d4303, be14c5be476e711089fa2646926d4360, c1025207472e311089fa2646926d4335, c2229607472e311089fa2646926d4321, c2ef2ff7472a351089fa2646926d4352, c4c5c5be476e711089fa2646926d436c, cb229607472e311089fa2646926d436c, cb80b73b472a351089fa2646926d43ee, d03aaa0347ae311089fa2646926d4356, d1644c0c477a351089fa2646926d43b6, d23aea0347ae311089fa2646926d43b4, d5225607472e311089fa2646926d43ff, d59b668347ae311089fa2646926d431d, d6afa3b7472a351089fa2646926d4369, d7158da0c0a8016700eef46c8d1f3661, d7195138c0a8016700fd68449cfcd484, d71b3b41c0a8016700a8ef040791e72a, d71da88ac0a801670061eabfe4b28f77, d71f7935c0a8016700802b64c67c11c6, d93aaa0347ae311089fa2646926d43a1, d960b73b472a351089fa2646926d43e8, db1f6f37472a351089fa2646926d43e7, dbf448b6476a711089fa2646926d439b, dc221607472e311089fa2646926d43ec, dd121607472e311089fa2646926d4345, de203bf7472a351089fa2646926d4384, de5966cf476e311089fa2646926d43ec, dfafdc7f476af11089fa2646926d43a2, dfbb977347e6351089fa2646926d43a4, e0203ff7472a351089fa2646926d4358, e18a2f73472a351089fa2646926d4314, e19ac84447ba351089fa2646926d4341, e44fa3b7472a351089fa2646926d4363, e4ef2ff7472a351089fa2646926d43b5, e5203ff7472a351089fa2646926d43bb, e6b8a19347ea711089fa2646926d433e, e750b33b472a351089fa2646926d4328, e7df63f7472a351089fa2646926d4352, e8caedcbc0a80164017df472f39eaed1, e9121607472e311089fa2646926d436f, e9692ecf476e311089fa2646926d432b, ed029207472e311089fa2646926d43ec, ed92e8d173d023002728660c4cf6a7bc, edb9eacf476e311089fa2646926d4378, ef4225a40a0a0b5700d0b8a790747812, ef43c6d40a0a0b5700c77f9bf387afe3, f12ca184735123002728660c4cf6a7ef, f33a2e0347ae311089fa2646926d435b, f4f9057647ae711089fa2646926d43eb, f659aacf476e311089fa2646926d43f2, f947444047ba351089fa2646926d43a6, fa2aaa0347ae311089fa2646926d4312, fb77000047ba351089fa2646926d43c8, fcbf2bf7472a351089fa2646926d437c, fd3aea0347ae311089fa2646926d432e, ff4c21c4735123002728660c4cf6a758]>

at java.base/jdk.internal.reflect.NativeConstructorAccessorImpl.newInstance0(Native Method)
at java.base/jdk.internal.reflect.NativeConstructorAccessorImpl.newInstance(NativeConstructorAccessorImpl.java:78)
at java.base/jdk.internal.reflect.DelegatingConstructorAccessorImpl.newInstance(DelegatingConstructorAccessorImpl.java:45)
at java.base/java.lang.reflect.Constructor.newInstanceWithCaller(Constructor.java:499)
at java.base/java.lang.reflect.Constructor.newInstance(Constructor.java:480)
at org.codehaus.groovy.reflection.CachedConstructor.invoke(CachedConstructor.java:73)
at org.codehaus.groovy.runtime.callsite.ConstructorSite$ConstructorSiteNoUnwrapNoCoerce.callConstructor(ConstructorSite.java:108)
at org.codehaus.groovy.runtime.callsite.CallSiteArray.defaultCallConstructor(CallSiteArray.java:57)
at org.codehaus.groovy.runtime.callsite.AbstractCallSite.callConstructor(AbstractCallSite.java:263)
at org.codehaus.groovy.runtime.callsite.AbstractCallSite.callConstructor(AbstractCallSite.java:277)
at io.restassured.internal.ResponseSpecificationImpl$HamcrestAssertionClosure.validate(ResponseSpecificationImpl.groovy:512)
at io.restassured.internal.ResponseSpecificationImpl$HamcrestAssertionClosure$validate$1.call(Unknown Source)
at io.restassured.internal.ResponseSpecificationImpl.validateResponseIfRequired(ResponseSpecificationImpl.groovy:696)
at io.restassured.internal.ResponseSpecificationImpl.this$2$validateResponseIfRequired(ResponseSpecificationImpl.groovy)
at java.base/jdk.internal.reflect.NativeMethodAccessorImpl.invoke0(Native Method)
at java.base/jdk.internal.reflect.NativeMethodAccessorImpl.invoke(NativeMethodAccessorImpl.java:78)
at java.base/jdk.internal.reflect.DelegatingMethodAccessorImpl.invoke(DelegatingMethodAccessorImpl.java:43)
at java.base/java.lang.reflect.Method.invoke(Method.java:567)
at org.codehaus.groovy.runtime.callsite.PlainObjectMetaMethodSite.doInvoke(PlainObjectMetaMethodSite.java:43)
at org.codehaus.groovy.runtime.callsite.PogoMetaMethodSite$PogoCachedMethodSiteNoUnwrapNoCoerce.invoke(PogoMetaMethodSite.java:198)
at org.codehaus.groovy.runtime.callsite.PogoMetaMethodSite.callCurrent(PogoMetaMethodSite.java:62)
at org.codehaus.groovy.runtime.callsite.CallSiteArray.defaultCallCurrent(CallSiteArray.java:49)
at org.codehaus.groovy.runtime.callsite.AbstractCallSite.callCurrent(AbstractCallSite.java:171)
at org.codehaus.groovy.runtime.callsite.AbstractCallSite.callCurrent(AbstractCallSite.java:185)
at io.restassured.internal.ResponseSpecificationImpl.body(ResponseSpecificationImpl.groovy:270)
at io.restassured.specification.ResponseSpecification$body$1.callCurrent(Unknown Source)
at org.codehaus.groovy.runtime.callsite.CallSiteArray.defaultCallCurrent(CallSiteArray.java:49)
at org.codehaus.groovy.runtime.callsite.AbstractCallSite.callCurrent(AbstractCallSite.java:171)
at org.codehaus.groovy.runtime.callsite.AbstractCallSite.callCurrent(AbstractCallSite.java:212)
at io.restassured.internal.ResponseSpecificationImpl.body(ResponseSpecificationImpl.groovy:117)
at io.restassured.internal.ValidatableResponseOptionsImpl.body(ValidatableResponseOptionsImpl.java:244)
at week4Day1.chaining.SearchIncident.searchIncident(SearchIncident.java:11)
at java.base/jdk.internal.reflect.NativeMethodAccessorImpl.invoke0(Native Method)
at java.base/jdk.internal.reflect.NativeMethodAccessorImpl.invoke(NativeMethodAccessorImpl.java:78)
at java.base/jdk.internal.reflect.DelegatingMethodAccessorImpl.invoke(DelegatingMethodAccessorImpl.java:43)
at java.base/java.lang.reflect.Method.invoke(Method.java:567)
at org.testng.internal.MethodInvocationHelper.invokeMethod(MethodInvocationHelper.java:133)
at org.testng.internal.TestInvoker.invokeMethod(TestInvoker.java:598)
at org.testng.internal.TestInvoker.invokeTestMethod(TestInvoker.java:173)
at org.testng.internal.MethodRunner.runInSequence(MethodRunner.java:46)
at org.testng.internal.TestInvoker$MethodInvocationAgent.invoke(TestInvoker.java:824)
at org.testng.internal.TestInvoker.invokeTestMethods(TestInvoker.java:146)
at org.testng.internal.TestMethodWorker.invokeTestMethods(TestMethodWorker.java:146)
at org.testng.internal.TestMethodWorker.run(TestMethodWorker.java:128)
at java.base/java.util.ArrayList.forEach(ArrayList.java:1511)
at org.testng.TestRunner.privateRun(TestRunner.java:794)
at org.testng.TestRunner.run(TestRunner.java:596)
at org.testng.SuiteRunner.runTest(SuiteRunner.java:377)
at org.testng.SuiteRunner.runSequentially(SuiteRunner.java:371)
at org.testng.SuiteRunner.privateRun(SuiteRunner.java:332)
at org.testng.SuiteRunner.run(SuiteRunner.java:276)
at org.testng.SuiteRunnerWorker.runSuite(SuiteRunnerWorker.java:53)
at org.testng.SuiteRunnerWorker.run(SuiteRunnerWorker.java:96)
at org.testng.TestNG.runSuitesSequentially(TestNG.java:1212)
at org.testng.TestNG.runSuitesLocally(TestNG.java:1134)
at org.testng.TestNG.runSuites(TestNG.java:1063)
at org.testng.TestNG.run(TestNG.java:1031)
at org.testng.remote.AbstractRemoteTestNG.run(AbstractRemoteTestNG.java:115)
at org.testng.remote.RemoteTestNG.initAndRun(RemoteTestNG.java:251)
at org.testng.remote.RemoteTestNG.main(RemoteTestNG.java:77)
]]>
            </full-stacktrace>
          </exception> <!-- java.lang.AssertionError -->
          <reporter-output>
          </reporter-output>
        </test-method> <!-- searchIncident -->
        <test-method is-config="true" signature="tearDown()[pri:0, instance:week4Day1.chaining.SearchIncident@16610890]" started-at="2023-11-24T15:22:36 NZDT" name="tearDown" finished-at="2023-11-24T15:22:36 NZDT" duration-ms="285" status="PASS">
          <reporter-output>
          </reporter-output>
        </test-method> <!-- tearDown -->
      </class> <!-- week4Day1.chaining.SearchIncident -->
      <class name="week4Day1.chaining.CreateIncident">
        <test-method is-config="true" signature="setUp()[pri:0, instance:week4Day1.chaining.CreateIncident@71def8f8]" started-at="2023-11-24T15:22:21 NZDT" name="setUp" finished-at="2023-11-24T15:22:21 NZDT" duration-ms="595" status="PASS">
          <reporter-output>
          </reporter-output>
        </test-method> <!-- setUp -->
        <test-method signature="createIncident()[pri:0, instance:week4Day1.chaining.CreateIncident@71def8f8]" started-at="2023-11-24T15:22:21 NZDT" name="createIncident" finished-at="2023-11-24T15:22:26 NZDT" duration-ms="5095" status="PASS">
          <reporter-output>
          </reporter-output>
        </test-method> <!-- createIncident -->
        <test-method is-config="true" signature="tearDown()[pri:0, instance:week4Day1.chaining.CreateIncident@71def8f8]" started-at="2023-11-24T15:22:26 NZDT" name="tearDown" finished-at="2023-11-24T15:22:26 NZDT" duration-ms="31" status="PASS">
          <reporter-output>
          </reporter-output>
        </test-method> <!-- tearDown -->
      </class> <!-- week4Day1.chaining.CreateIncident -->
    </test> <!-- Default test -->
  </suite> <!-- Default suite -->
</testng-results>
